<?xml version='1.0' encoding='UTF-8'?>
<hotspot_log version='160 1' process='123520' time_ms='1669459746143'>
<vm_version>
<name>
Java HotSpot(TM) 64-Bit Server VM
</name>
<release>
17.0.5+9-LTS-191
</release>
<info>
Java HotSpot(TM) 64-Bit Server VM (17.0.5+9-LTS-191) for linux-amd64 JRE (17.0.5+9-LTS-191), built on Sep 13 2022 16:24:50 by &quot;mach5one&quot; with gcc 10.3.0
</info>
</vm_version>
<vm_arguments>
<args>
-XX:+UnlockDiagnosticVMOptions -XX:+LogCompilation </args>
<command>
Main 5000
</command>
<launcher>
SUN_STANDARD
</launcher>
<properties>
java.vm.specification.name=Java Virtual Machine Specification
java.vm.version=17.0.5+9-LTS-191
java.vm.name=Java HotSpot(TM) 64-Bit Server VM
jdk.debug=release
sun.boot.library.path=/usr/lib/java/jdk-17.0.5/lib
java.library.path=/usr/java/packages/lib:/usr/lib64:/lib64:/lib:/usr/lib
java.home=/usr/lib/java/jdk-17.0.5
java.class.path=.
jdk.boot.class.path.append=
java.vm.info=mixed mode, sharing
java.vm.specification.vendor=Oracle Corporation
java.vm.specification.version=17
java.vm.vendor=Oracle Corporation
sun.java.command=Main 5000
sun.java.launcher=SUN_STANDARD
</properties>
</vm_arguments>
<tty>
<writer thread='123521'/>
<blob name='MethodHandlesAdapterBlob' size='4000'>
<sect index='1' size='4000' free='3618'/>
</blob>
<writer thread='123534'/>
<thread_logfile thread='123534' filename='/tmp/hs_c123534_pid123520.log'/>
<writer thread='123535'/>
<thread_logfile thread='123535' filename='/tmp/hs_c123535_pid123520.log'/>
<writer thread='123521'/>
<task_queued compile_id='1' method='java.lang.String hashCode ()I' bytes='60' count='256' iicount='256' level='3' stamp='0.038' comment='tiered' hot_count='256'/>
<task_queued compile_id='2' method='java.lang.Object &lt;init&gt; ()V' bytes='1' count='384' iicount='384' level='3' stamp='0.038' comment='tiered' hot_count='384'/>
<writer thread='123535'/>
<nmethod compile_id='2' compiler='c1' level='3' entry='0x00007f90ade331a0' size='760' address='0x00007f90ade33010' relocation_offset='352' insts_offset='400' stub_offset='624' scopes_data_offset='688' scopes_pcs_offset='704' dependencies_offset='752' metadata_offset='672' method='java.lang.Object &lt;init&gt; ()V' bytes='1' count='422' iicount='422' stamp='0.038'/>
<writer thread='123521'/>
<task_queued compile_id='3' method='java.lang.String coder ()B' bytes='15' count='256' iicount='256' level='3' stamp='0.038' comment='tiered' hot_count='256'/>
<writer thread='123535'/>
<nmethod compile_id='1' compiler='c1' level='3' entry='0x00007f90ade33560' size='1480' address='0x00007f90ade33390' relocation_offset='352' insts_offset='464' stub_offset='1232' scopes_data_offset='1328' scopes_pcs_offset='1376' dependencies_offset='1472' metadata_offset='1312' method='java.lang.String hashCode ()I' bytes='60' count='304' iicount='304' stamp='0.039'/>
<nmethod compile_id='3' compiler='c1' level='3' entry='0x00007f90ade33b20' size='784' address='0x00007f90ade33990' relocation_offset='352' insts_offset='400' stub_offset='656' scopes_data_offset='712' scopes_pcs_offset='728' dependencies_offset='776' metadata_offset='704' method='java.lang.String coder ()B' bytes='15' count='319' iicount='319' stamp='0.039'/>
<writer thread='123521'/>
<task_queued compile_id='4' method='java.lang.String length ()I' bytes='11' count='256' iicount='256' level='3' stamp='0.039' comment='tiered' hot_count='256'/>
<writer thread='123535'/>
<nmethod compile_id='4' compiler='c1' level='3' entry='0x00007f90ade33ec0' size='992' address='0x00007f90ade33d10' relocation_offset='352' insts_offset='432' stub_offset='784' scopes_data_offset='848' scopes_pcs_offset='888' dependencies_offset='968' nul_chk_table_offset='976' metadata_offset='832' method='java.lang.String length ()I' bytes='11' count='261' iicount='261' stamp='0.039'/>
<writer thread='123521'/>
<task_queued compile_id='5' method='java.lang.String isLatin1 ()Z' bytes='19' count='300' iicount='300' level='3' stamp='0.039' comment='tiered' hot_count='300'/>
<writer thread='123528'/>
<destroy_vm stamp='0.040'/>
<tty_done stamp='0.041'/>
</tty>
<compilation_log thread='123535'>
<start_compile_thread name='C1 CompilerThread0' thread='123535' process='123520' stamp='0.037'/>
<task compile_id='2' method='java.lang.Object &lt;init&gt; ()V' bytes='1' count='394' iicount='394' level='3' stamp='0.038'>
<phase name='setup' stamp='0.038'>
<phase_done stamp='0.038'/>
</phase>
<phase name='buildIR' stamp='0.038'>
<type id='1110' name='void'/>
<klass id='1115' name='java.lang.Object' flags='1'/>
<method id='1245' holder='1115' name='&lt;init&gt;' return='1110' flags='1' bytes='1' iicount='394'/>
<parse method='1245'  stamp='0.038'>
<phase name='parse_hir' stamp='0.038'>
<bc code='177' bci='0'/>
<dependency type='no_finalizable_subclasses' ctxk='1115'/>
<phase_done stamp='0.038'/>
</phase>
<parse_done stamp='0.038'/>
</parse>
<phase name='optimize_blocks' stamp='0.038'>
<phase_done stamp='0.038'/>
</phase>
<phase name='gvn' stamp='0.038'>
<phase_done stamp='0.038'/>
</phase>
<phase name='rangeCheckElimination' stamp='0.038'>
<phase_done stamp='0.038'/>
</phase>
<phase name='optimize_null_checks' stamp='0.038'>
<phase_done stamp='0.038'/>
</phase>
<phase_done stamp='0.038'/>
</phase>
<phase name='emit_lir' stamp='0.038'>
<phase name='lirGeneration' stamp='0.038'>
<phase_done stamp='0.038'/>
</phase>
<phase name='linearScan' stamp='0.038'>
<phase_done stamp='0.038'/>
</phase>
<phase_done stamp='0.038'/>
</phase>
<phase name='codeemit' stamp='0.038'>
<phase_done stamp='0.038'/>
</phase>
<phase name='codeinstall' stamp='0.038'>
<dependency type='no_finalizable_subclasses' ctxk='1115'/>
<phase_done stamp='0.038'/>
</phase>
<code_cache total_blobs='278' nmethods='1' adapters='192' free_code_cache='250611840'/>
<task_done success='1' nmsize='272' count='423' stamp='0.038'/>
</task>
<task compile_id='1' method='java.lang.String hashCode ()I' bytes='60' count='300' iicount='300' level='3' stamp='0.038'>
<phase name='setup' stamp='0.038'>
<phase_done stamp='0.038'/>
</phase>
<phase name='buildIR' stamp='0.038'>
<type id='1108' name='int'/>
<klass id='1116' name='java.lang.String' flags='17'/>
<method id='1245' holder='1116' name='hashCode' return='1108' flags='1' bytes='60' iicount='300'/>
<parse method='1245'  stamp='0.038'>
<phase name='parse_hir' stamp='0.038'>
<bc code='182' bci='17'/>
<type id='1102' name='boolean'/>
<method id='1247' holder='1116' name='isLatin1' return='1102' flags='0' bytes='19' iicount='172'/>
<call method='1247' instr='invokevirtual'/>
<inline_success reason='inline'/>
<parse method='1247'>
<parse_done stamp='0.038'/>
</parse>
<bc code='184' bci='27'/>
<klass id='1237' name='[B' flags='1041'/>
<klass id='1250' name='java.lang.StringLatin1' flags='16'/>
<method id='1251' holder='1250' name='hashCode' return='1108' arguments='1237' flags='9' bytes='42' iicount='27'/>
<call method='1251' instr='invokestatic'/>
<inline_fail reason='callee is too large'/>
<bc code='184' bci='37'/>
<klass id='1253' name='java.lang.StringUTF16' unloaded='1'/>
<method id='1254' holder='1253' name='hashCode' return='1108' arguments='1237' unloaded='1'/>
<call method='1254' instr='invokestatic'/>
<inline_fail reason='not inlineable'/>
<phase_done stamp='0.038'/>
</phase>
<parse_done stamp='0.038'/>
</parse>
<phase name='optimize_blocks' stamp='0.038'>
<phase_done stamp='0.038'/>
</phase>
<phase name='gvn' stamp='0.038'>
<phase_done stamp='0.038'/>
</phase>
<phase name='rangeCheckElimination' stamp='0.038'>
<phase_done stamp='0.038'/>
</phase>
<phase name='optimize_null_checks' stamp='0.038'>
<phase_done stamp='0.038'/>
</phase>
<phase_done stamp='0.038'/>
</phase>
<phase name='emit_lir' stamp='0.038'>
<phase name='lirGeneration' stamp='0.038'>
<phase_done stamp='0.039'/>
</phase>
<phase name='linearScan' stamp='0.039'>
<phase_done stamp='0.039'/>
</phase>
<phase_done stamp='0.039'/>
</phase>
<phase name='codeemit' stamp='0.039'>
<phase_done stamp='0.039'/>
</phase>
<phase name='codeinstall' stamp='0.039'>
<phase_done stamp='0.039'/>
</phase>
<code_cache total_blobs='281' nmethods='2' adapters='194' free_code_cache='250608768'/>
<task_done success='1' nmsize='848' count='304' inlined_bytes='19' stamp='0.039'/>
</task>
<task compile_id='3' method='java.lang.String coder ()B' bytes='15' count='290' iicount='290' level='3' stamp='0.039'>
<phase name='setup' stamp='0.039'>
<phase_done stamp='0.039'/>
</phase>
<phase name='buildIR' stamp='0.039'>
<type id='1106' name='byte'/>
<klass id='1116' name='java.lang.String' flags='17'/>
<method id='1245' holder='1116' name='coder' return='1106' flags='0' bytes='15' iicount='290'/>
<parse method='1245'  stamp='0.039'>
<phase name='parse_hir' stamp='0.039'>
<phase_done stamp='0.039'/>
</phase>
<parse_done stamp='0.039'/>
</parse>
<phase name='optimize_blocks' stamp='0.039'>
<phase_done stamp='0.039'/>
</phase>
<phase name='gvn' stamp='0.039'>
<phase_done stamp='0.039'/>
</phase>
<phase name='rangeCheckElimination' stamp='0.039'>
<phase_done stamp='0.039'/>
</phase>
<phase name='optimize_null_checks' stamp='0.039'>
<phase_done stamp='0.039'/>
</phase>
<phase_done stamp='0.039'/>
</phase>
<phase name='emit_lir' stamp='0.039'>
<phase name='lirGeneration' stamp='0.039'>
<phase_done stamp='0.039'/>
</phase>
<phase name='linearScan' stamp='0.039'>
<phase_done stamp='0.039'/>
</phase>
<phase_done stamp='0.039'/>
</phase>
<phase name='codeemit' stamp='0.039'>
<phase_done stamp='0.039'/>
</phase>
<phase name='codeinstall' stamp='0.039'>
<phase_done stamp='0.039'/>
</phase>
<code_cache total_blobs='282' nmethods='3' adapters='194' free_code_cache='250607872'/>
<task_done success='1' nmsize='304' count='327' stamp='0.039'/>
</task>
<task compile_id='4' method='java.lang.String length ()I' bytes='11' count='260' iicount='260' level='3' stamp='0.039'>
<phase name='setup' stamp='0.039'>
<phase_done stamp='0.039'/>
</phase>
<phase name='buildIR' stamp='0.039'>
<type id='1108' name='int'/>
<klass id='1116' name='java.lang.String' flags='17'/>
<method id='1245' holder='1116' name='length' return='1108' flags='1' bytes='11' iicount='260'/>
<parse method='1245'  stamp='0.039'>
<phase name='parse_hir' stamp='0.039'>
<bc code='182' bci='6'/>
<type id='1106' name='byte'/>
<method id='1247' holder='1116' name='coder' return='1106' flags='0' bytes='15' compile_id='3' compiler='c1' level='3' iicount='440'/>
<call method='1247' instr='invokevirtual'/>
<inline_success reason='inline'/>
<parse method='1247'>
<parse_done stamp='0.039'/>
</parse>
<phase_done stamp='0.039'/>
</phase>
<parse_done stamp='0.039'/>
</parse>
<phase name='optimize_blocks' stamp='0.039'>
<phase_done stamp='0.039'/>
</phase>
<phase name='gvn' stamp='0.039'>
<phase_done stamp='0.039'/>
</phase>
<phase name='rangeCheckElimination' stamp='0.039'>
<phase_done stamp='0.039'/>
</phase>
<phase name='optimize_null_checks' stamp='0.039'>
<phase_done stamp='0.039'/>
</phase>
<phase_done stamp='0.039'/>
</phase>
<phase name='emit_lir' stamp='0.039'>
<phase name='lirGeneration' stamp='0.039'>
<phase_done stamp='0.039'/>
</phase>
<phase name='linearScan' stamp='0.039'>
<phase_done stamp='0.039'/>
</phase>
<phase_done stamp='0.039'/>
</phase>
<phase name='codeemit' stamp='0.039'>
<phase_done stamp='0.039'/>
</phase>
<phase name='codeinstall' stamp='0.039'>
<phase_done stamp='0.039'/>
</phase>
<code_cache total_blobs='284' nmethods='4' adapters='195' free_code_cache='250606080'/>
<task_done success='1' nmsize='400' count='261' inlined_bytes='15' stamp='0.039'/>
</task>
</compilation_log>
<compilation_log thread='123534'>
<fragment>
<![CDATA[
<start_compile_thread name='C2 CompilerThread0' thread='123534' process='123520' stamp='0.037'/>
]]>
</fragment>
</compilation_log>
<hotspot_log_done stamp='0.041'/>
</hotspot_log>
